<?xml version="1.0" encoding="UTF-8"?>
<coverage generated="1668034196227" clover="3.2.0">
  <project timestamp="1668034196227" name="All files">
    <metrics statements="25" coveredstatements="24" conditionals="4" coveredconditionals="3" methods="6" coveredmethods="5" elements="35" coveredelements="32" complexity="0" loc="25" ncloc="25" packages="2" files="3" classes="3"/>
    <package name="node-ethan-brown">
      <metrics statements="16" coveredstatements="15" conditionals="4" coveredconditionals="3" methods="1" coveredmethods="0"/>
      <file name="meadowlark.js" path="/Users/henriquebaeta/Trybe/back-end/meusEstudos/node-ethan-brown/meadowlark.js">
        <metrics statements="16" coveredstatements="15" conditionals="4" coveredconditionals="3" methods="1" coveredmethods="0"/>
        <line num="1" count="1" type="stmt"/>
        <line num="2" count="1" type="stmt"/>
        <line num="4" count="1" type="stmt"/>
        <line num="6" count="1" type="stmt"/>
        <line num="8" count="1" type="cond" truecount="2" falsecount="0"/>
        <line num="11" count="1" type="stmt"/>
        <line num="12" count="1" type="stmt"/>
        <line num="21" count="1" type="stmt"/>
        <line num="24" count="1" type="stmt"/>
        <line num="26" count="1" type="stmt"/>
        <line num="28" count="1" type="stmt"/>
        <line num="40" count="1" type="stmt"/>
        <line num="42" count="1" type="stmt"/>
        <line num="44" count="1" type="cond" truecount="1" falsecount="1"/>
        <line num="45" count="0" type="stmt"/>
        <line num="47" count="1" type="stmt"/>
      </file>
    </package>
    <package name="node-ethan-brown.libs">
      <metrics statements="9" coveredstatements="9" conditionals="0" coveredconditionals="0" methods="5" coveredmethods="5"/>
      <file name="fortune.js" path="/Users/henriquebaeta/Trybe/back-end/meusEstudos/node-ethan-brown/libs/fortune.js">
        <metrics statements="4" coveredstatements="4" conditionals="0" coveredconditionals="0" methods="1" coveredmethods="1"/>
        <line num="1" count="2" type="stmt"/>
        <line num="8" count="2" type="stmt"/>
        <line num="9" count="2" type="stmt"/>
        <line num="10" count="2" type="stmt"/>
      </file>
      <file name="handlers.js" path="/Users/henriquebaeta/Trybe/back-end/meusEstudos/node-ethan-brown/libs/handlers.js">
        <metrics statements="5" coveredstatements="5" conditionals="0" coveredconditionals="0" methods="4" coveredmethods="4"/>
        <line num="1" count="2" type="stmt"/>
        <line num="3" count="2" type="stmt"/>
        <line num="5" count="2" type="stmt"/>
        <line num="7" count="2" type="stmt"/>
        <line num="9" count="2" type="stmt"/>
      </file>
    </package>
  </project>
</coverage>
