{"/Users/henriquebaeta/Trybe/back-end/meusEstudos/node-ethan-brown/config.js": {"path":"/Users/henriquebaeta/Trybe/back-end/meusEstudos/node-ethan-brown/config.js","statementMap":{"0":{"start":{"line":1,"column":12},"end":{"line":1,"column":49}},"1":{"start":{"line":4,"column":20},"end":{"line":4,"column":44}},"2":{"start":{"line":6,"column":0},"end":{"line":6,"column":33}}},"fnMap":{},"branchMap":{"0":{"loc":{"start":{"line":1,"column":12},"end":{"line":1,"column":49}},"type":"binary-expr","locations":[{"start":{"line":1,"column":12},"end":{"line":1,"column":32}},{"start":{"line":1,"column":36},"end":{"line":1,"column":49}}],"line":1}},"s":{"0":1,"1":1,"2":1},"f":{},"b":{"0":[1,0]},"_coverageSchema":"1a1c01bbd47fc00a2c39e90264f33305004495a9","hash":"f43b3cb3e1001d1a1e8fd20f3066f67a3ad0043b"}
,"/Users/henriquebaeta/Trybe/back-end/meusEstudos/node-ethan-brown/credentials.js": {"path":"/Users/henriquebaeta/Trybe/back-end/meusEstudos/node-ethan-brown/credentials.js","statementMap":{"0":{"start":{"line":1,"column":0},"end":{"line":7,"column":2}}},"fnMap":{},"branchMap":{},"s":{"0":1},"f":{},"b":{},"_coverageSchema":"1a1c01bbd47fc00a2c39e90264f33305004495a9","hash":"468b1432c22ed1c808ff24348ea35877cf2bb9c9"}
,"/Users/henriquebaeta/Trybe/back-end/meusEstudos/node-ethan-brown/meadowlark.js": {"path":"/Users/henriquebaeta/Trybe/back-end/meusEstudos/node-ethan-brown/meadowlark.js","statementMap":{"0":{"start":{"line":1,"column":16},"end":{"line":1,"column":34}},"1":{"start":{"line":2,"column":27},"end":{"line":2,"column":56}},"2":{"start":{"line":4,"column":16},"end":{"line":4,"column":34}},"3":{"start":{"line":6,"column":19},"end":{"line":6,"column":40}},"4":{"start":{"line":8,"column":21},"end":{"line":8,"column":45}},"5":{"start":{"line":10,"column":23},"end":{"line":10,"column":49}},"6":{"start":{"line":12,"column":15},"end":{"line":12,"column":32}},"7":{"start":{"line":13,"column":11},"end":{"line":13,"column":24}},"8":{"start":{"line":15,"column":26},"end":{"line":15,"column":62}},"9":{"start":{"line":17,"column":24},"end":{"line":17,"column":58}},"10":{"start":{"line":19,"column":17},"end":{"line":19,"column":43}},"11":{"start":{"line":21,"column":24},"end":{"line":21,"column":43}},"12":{"start":{"line":24,"column":12},"end":{"line":24,"column":21}},"13":{"start":{"line":26,"column":0},"end":{"line":26,"column":24}},"14":{"start":{"line":28,"column":0},"end":{"line":34,"column":2}},"15":{"start":{"line":36,"column":0},"end":{"line":36,"column":48}},"16":{"start":{"line":38,"column":0},"end":{"line":43,"column":3}},"17":{"start":{"line":39,"column":2},"end":{"line":41,"column":3}},"18":{"start":{"line":40,"column":4},"end":{"line":40,"column":64}},"19":{"start":{"line":42,"column":2},"end":{"line":42,"column":9}},"20":{"start":{"line":45,"column":0},"end":{"line":45,"column":25}},"21":{"start":{"line":47,"column":13},"end":{"line":47,"column":37}},"22":{"start":{"line":60,"column":0},"end":{"line":74,"column":2}},"23":{"start":{"line":66,"column":8},"end":{"line":68,"column":9}},"24":{"start":{"line":67,"column":10},"end":{"line":67,"column":30}},"25":{"start":{"line":69,"column":8},"end":{"line":69,"column":48}},"26":{"start":{"line":70,"column":8},"end":{"line":70,"column":20}},"27":{"start":{"line":76,"column":0},"end":{"line":76,"column":37}},"28":{"start":{"line":77,"column":0},"end":{"line":77,"column":28}},"29":{"start":{"line":81,"column":0},"end":{"line":81,"column":28}},"30":{"start":{"line":83,"column":0},"end":{"line":83,"column":47}},"31":{"start":{"line":85,"column":0},"end":{"line":85,"column":28}},"32":{"start":{"line":87,"column":0},"end":{"line":87,"column":47}},"33":{"start":{"line":89,"column":0},"end":{"line":89,"column":34}},"34":{"start":{"line":91,"column":0},"end":{"line":91,"column":34}},"35":{"start":{"line":93,"column":0},"end":{"line":100,"column":3}},"36":{"start":{"line":94,"column":2},"end":{"line":94,"column":22}},"37":{"start":{"line":95,"column":2},"end":{"line":95,"column":25}},"38":{"start":{"line":96,"column":18},"end":{"line":98,"column":3}},"39":{"start":{"line":97,"column":22},"end":{"line":97,"column":40}},"40":{"start":{"line":99,"column":2},"end":{"line":99,"column":38}},"41":{"start":{"line":102,"column":0},"end":{"line":102,"column":30}},"42":{"start":{"line":104,"column":0},"end":{"line":104,"column":41}},"43":{"start":{"line":106,"column":0},"end":{"line":106,"column":44}},"44":{"start":{"line":107,"column":0},"end":{"line":107,"column":66}},"45":{"start":{"line":109,"column":0},"end":{"line":109,"column":57}},"46":{"start":{"line":110,"column":0},"end":{"line":110,"column":73}},"47":{"start":{"line":111,"column":0},"end":{"line":111,"column":75}},"48":{"start":{"line":113,"column":0},"end":{"line":113,"column":73}},"49":{"start":{"line":114,"column":0},"end":{"line":124,"column":2}},"50":{"start":{"line":118,"column":17},"end":{"line":118,"column":38}},"51":{"start":{"line":119,"column":4},"end":{"line":122,"column":7}},"52":{"start":{"line":120,"column":6},"end":{"line":120,"column":67}},"53":{"start":{"line":120,"column":15},"end":{"line":120,"column":67}},"54":{"start":{"line":121,"column":6},"end":{"line":121,"column":68}},"55":{"start":{"line":136,"column":0},"end":{"line":136,"column":27}},"56":{"start":{"line":138,"column":0},"end":{"line":138,"column":30}},"57":{"start":{"line":152,"column":20},"end":{"line":157,"column":1}},"58":{"start":{"line":153,"column":2},"end":{"line":156,"column":5}},"59":{"start":{"line":154,"column":4},"end":{"line":155,"column":41}},"60":{"start":{"line":159,"column":0},"end":{"line":169,"column":1}},"61":{"start":{"line":160,"column":2},"end":{"line":160,"column":20}},"62":{"start":{"line":168,"column":2},"end":{"line":168,"column":31}}},"fnMap":{"0":{"name":"(anonymous_0)","decl":{"start":{"line":38,"column":8},"end":{"line":38,"column":9}},"loc":{"start":{"line":38,"column":28},"end":{"line":43,"column":1}},"line":38},"1":{"name":"(anonymous_1)","decl":{"start":{"line":65,"column":15},"end":{"line":65,"column":16}},"loc":{"start":{"line":65,"column":40},"end":{"line":71,"column":7}},"line":65},"2":{"name":"(anonymous_2)","decl":{"start":{"line":93,"column":20},"end":{"line":93,"column":21}},"loc":{"start":{"line":93,"column":34},"end":{"line":100,"column":1}},"line":93},"3":{"name":"(anonymous_3)","decl":{"start":{"line":97,"column":4},"end":{"line":97,"column":5}},"loc":{"start":{"line":97,"column":22},"end":{"line":97,"column":40}},"line":97},"4":{"name":"(anonymous_4)","decl":{"start":{"line":117,"column":2},"end":{"line":117,"column":3}},"loc":{"start":{"line":117,"column":16},"end":{"line":123,"column":3}},"line":117},"5":{"name":"(anonymous_5)","decl":{"start":{"line":119,"column":20},"end":{"line":119,"column":21}},"loc":{"start":{"line":119,"column":44},"end":{"line":122,"column":5}},"line":119},"6":{"name":"(anonymous_6)","decl":{"start":{"line":152,"column":20},"end":{"line":152,"column":21}},"loc":{"start":{"line":152,"column":30},"end":{"line":157,"column":1}},"line":152},"7":{"name":"(anonymous_7)","decl":{"start":{"line":153,"column":19},"end":{"line":153,"column":20}},"loc":{"start":{"line":153,"column":30},"end":{"line":156,"column":3}},"line":153}},"branchMap":{"0":{"loc":{"start":{"line":39,"column":2},"end":{"line":41,"column":3}},"type":"if","locations":[{"start":{"line":39,"column":2},"end":{"line":41,"column":3}},{"start":{},"end":{}}],"line":39},"1":{"loc":{"start":{"line":47,"column":13},"end":{"line":47,"column":37}},"type":"binary-expr","locations":[{"start":{"line":47,"column":13},"end":{"line":47,"column":29}},{"start":{"line":47,"column":33},"end":{"line":47,"column":37}}],"line":47},"2":{"loc":{"start":{"line":66,"column":8},"end":{"line":68,"column":9}},"type":"if","locations":[{"start":{"line":66,"column":8},"end":{"line":68,"column":9}},{"start":{},"end":{}}],"line":66},"3":{"loc":{"start":{"line":120,"column":6},"end":{"line":120,"column":67}},"type":"if","locations":[{"start":{"line":120,"column":6},"end":{"line":120,"column":67}},{"start":{},"end":{}}],"line":120},"4":{"loc":{"start":{"line":159,"column":0},"end":{"line":169,"column":1}},"type":"if","locations":[{"start":{"line":159,"column":0},"end":{"line":169,"column":1}},{"start":{"line":167,"column":7},"end":{"line":169,"column":1}}],"line":159}},"s":{"0":1,"1":1,"2":1,"3":1,"4":1,"5":1,"6":1,"7":1,"8":1,"9":1,"10":1,"11":1,"12":1,"13":1,"14":1,"15":1,"16":1,"17":0,"18":0,"19":0,"20":1,"21":1,"22":1,"23":0,"24":0,"25":0,"26":0,"27":1,"28":1,"29":1,"30":1,"31":1,"32":1,"33":1,"34":1,"35":1,"36":0,"37":0,"38":0,"39":0,"40":0,"41":1,"42":1,"43":1,"44":1,"45":1,"46":1,"47":1,"48":1,"49":1,"50":0,"51":0,"52":0,"53":0,"54":0,"55":1,"56":1,"57":1,"58":0,"59":0,"60":1,"61":0,"62":1},"f":{"0":0,"1":0,"2":0,"3":0,"4":0,"5":0,"6":0,"7":0},"b":{"0":[0,0],"1":[1,1],"2":[0,0],"3":[0,0],"4":[0,1]},"_coverageSchema":"1a1c01bbd47fc00a2c39e90264f33305004495a9","hash":"730d7d390d59374eb0d070b16c8c4a47c780b88a"}
,"/Users/henriquebaeta/Trybe/back-end/meusEstudos/node-ethan-brown/libs/fortune.js": {"path":"/Users/henriquebaeta/Trybe/back-end/meusEstudos/node-ethan-brown/libs/fortune.js","statementMap":{"0":{"start":{"line":1,"column":17},"end":{"line":6,"column":1}},"1":{"start":{"line":8,"column":0},"end":{"line":11,"column":2}},"2":{"start":{"line":9,"column":16},"end":{"line":9,"column":59}},"3":{"start":{"line":10,"column":2},"end":{"line":10,"column":25}}},"fnMap":{"0":{"name":"(anonymous_0)","decl":{"start":{"line":8,"column":21},"end":{"line":8,"column":22}},"loc":{"start":{"line":8,"column":27},"end":{"line":11,"column":1}},"line":8}},"branchMap":{},"s":{"0":2,"1":2,"2":2,"3":2},"f":{"0":2},"b":{},"_coverageSchema":"1a1c01bbd47fc00a2c39e90264f33305004495a9","hash":"0153bd9f04120040c7337ab6f62b92c2d01d2f61"}
,"/Users/henriquebaeta/Trybe/back-end/meusEstudos/node-ethan-brown/libs/handlers.js": {"path":"/Users/henriquebaeta/Trybe/back-end/meusEstudos/node-ethan-brown/libs/handlers.js","statementMap":{"0":{"start":{"line":1,"column":16},"end":{"line":1,"column":49}},"1":{"start":{"line":2,"column":14},"end":{"line":2,"column":32}},"2":{"start":{"line":4,"column":0},"end":{"line":11,"column":1}},"3":{"start":{"line":5,"column":2},"end":{"line":5,"column":59}},"4":{"start":{"line":6,"column":2},"end":{"line":6,"column":37}},"5":{"start":{"line":7,"column":22},"end":{"line":7,"column":55}},"6":{"start":{"line":8,"column":2},"end":{"line":8,"column":35}},"7":{"start":{"line":9,"column":2},"end":{"line":9,"column":60}},"8":{"start":{"line":10,"column":2},"end":{"line":10,"column":28}},"9":{"start":{"line":13,"column":0},"end":{"line":13,"column":64}},"10":{"start":{"line":13,"column":31},"end":{"line":13,"column":63}},"11":{"start":{"line":15,"column":0},"end":{"line":15,"column":52}},"12":{"start":{"line":15,"column":34},"end":{"line":15,"column":51}},"13":{"start":{"line":17,"column":0},"end":{"line":17,"column":68}},"14":{"start":{"line":17,"column":50},"end":{"line":17,"column":67}},"15":{"start":{"line":19,"column":0},"end":{"line":19,"column":62}},"16":{"start":{"line":19,"column":31},"end":{"line":19,"column":61}},"17":{"start":{"line":21,"column":0},"end":{"line":21,"column":72}},"18":{"start":{"line":21,"column":29},"end":{"line":21,"column":71}},"19":{"start":{"line":23,"column":0},"end":{"line":23,"column":58}},"20":{"start":{"line":23,"column":30},"end":{"line":23,"column":57}},"21":{"start":{"line":25,"column":0},"end":{"line":26,"column":68}},"22":{"start":{"line":26,"column":2},"end":{"line":26,"column":67}},"23":{"start":{"line":28,"column":0},"end":{"line":34,"column":2}},"24":{"start":{"line":29,"column":2},"end":{"line":29,"column":58}},"25":{"start":{"line":30,"column":2},"end":{"line":30,"column":46}},"26":{"start":{"line":31,"column":2},"end":{"line":31,"column":39}},"27":{"start":{"line":32,"column":2},"end":{"line":32,"column":41}},"28":{"start":{"line":33,"column":2},"end":{"line":33,"column":59}},"29":{"start":{"line":36,"column":0},"end":{"line":37,"column":44}},"30":{"start":{"line":37,"column":2},"end":{"line":37,"column":43}},"31":{"start":{"line":39,"column":0},"end":{"line":40,"column":65}},"32":{"start":{"line":40,"column":2},"end":{"line":40,"column":64}},"33":{"start":{"line":42,"column":0},"end":{"line":56,"column":2}},"34":{"start":{"line":44,"column":4},"end":{"line":44,"column":60}},"35":{"start":{"line":45,"column":4},"end":{"line":45,"column":48}},"36":{"start":{"line":46,"column":4},"end":{"line":46,"column":41}},"37":{"start":{"line":47,"column":4},"end":{"line":47,"column":43}},"38":{"start":{"line":48,"column":4},"end":{"line":48,"column":43}},"39":{"start":{"line":52,"column":4},"end":{"line":52,"column":29}},"40":{"start":{"line":53,"column":4},"end":{"line":53,"column":43}},"41":{"start":{"line":58,"column":0},"end":{"line":61,"column":2}},"42":{"start":{"line":59,"column":2},"end":{"line":59,"column":46}},"43":{"start":{"line":63,"column":0},"end":{"line":64,"column":49}},"44":{"start":{"line":64,"column":2},"end":{"line":64,"column":48}}},"fnMap":{"0":{"name":"(anonymous_0)","decl":{"start":{"line":4,"column":15},"end":{"line":4,"column":16}},"loc":{"start":{"line":4,"column":29},"end":{"line":11,"column":1}},"line":4},"1":{"name":"(anonymous_1)","decl":{"start":{"line":13,"column":16},"end":{"line":13,"column":17}},"loc":{"start":{"line":13,"column":31},"end":{"line":13,"column":63}},"line":13},"2":{"name":"(anonymous_2)","decl":{"start":{"line":15,"column":19},"end":{"line":15,"column":20}},"loc":{"start":{"line":15,"column":34},"end":{"line":15,"column":51}},"line":15},"3":{"name":"(anonymous_3)","decl":{"start":{"line":17,"column":22},"end":{"line":17,"column":23}},"loc":{"start":{"line":17,"column":50},"end":{"line":17,"column":67}},"line":17},"4":{"name":"(anonymous_4)","decl":{"start":{"line":19,"column":16},"end":{"line":19,"column":17}},"loc":{"start":{"line":19,"column":31},"end":{"line":19,"column":61}},"line":19},"5":{"name":"(anonymous_5)","decl":{"start":{"line":21,"column":14},"end":{"line":21,"column":15}},"loc":{"start":{"line":21,"column":29},"end":{"line":21,"column":71}},"line":21},"6":{"name":"(anonymous_6)","decl":{"start":{"line":23,"column":15},"end":{"line":23,"column":16}},"loc":{"start":{"line":23,"column":30},"end":{"line":23,"column":57}},"line":23},"7":{"name":"(anonymous_7)","decl":{"start":{"line":25,"column":27},"end":{"line":25,"column":28}},"loc":{"start":{"line":26,"column":2},"end":{"line":26,"column":67}},"line":26},"8":{"name":"(anonymous_8)","decl":{"start":{"line":28,"column":34},"end":{"line":28,"column":35}},"loc":{"start":{"line":28,"column":48},"end":{"line":34,"column":1}},"line":28},"9":{"name":"(anonymous_9)","decl":{"start":{"line":36,"column":35},"end":{"line":36,"column":36}},"loc":{"start":{"line":37,"column":2},"end":{"line":37,"column":43}},"line":37},"10":{"name":"(anonymous_10)","decl":{"start":{"line":39,"column":21},"end":{"line":39,"column":22}},"loc":{"start":{"line":40,"column":2},"end":{"line":40,"column":64}},"line":40},"11":{"name":"(anonymous_11)","decl":{"start":{"line":43,"column":20},"end":{"line":43,"column":21}},"loc":{"start":{"line":43,"column":34},"end":{"line":49,"column":3}},"line":43},"12":{"name":"(anonymous_12)","decl":{"start":{"line":50,"column":24},"end":{"line":50,"column":25}},"loc":{"start":{"line":50,"column":38},"end":{"line":55,"column":3}},"line":50},"13":{"name":"(anonymous_13)","decl":{"start":{"line":58,"column":38},"end":{"line":58,"column":39}},"loc":{"start":{"line":58,"column":53},"end":{"line":61,"column":1}},"line":58},"14":{"name":"(anonymous_14)","decl":{"start":{"line":63,"column":32},"end":{"line":63,"column":33}},"loc":{"start":{"line":64,"column":2},"end":{"line":64,"column":48}},"line":64}},"branchMap":{"0":{"loc":{"start":{"line":7,"column":22},"end":{"line":7,"column":55}},"type":"binary-expr","locations":[{"start":{"line":7,"column":22},"end":{"line":7,"column":45}},{"start":{"line":7,"column":49},"end":{"line":7,"column":55}}],"line":7}},"s":{"0":2,"1":2,"2":2,"3":1,"4":0,"5":0,"6":0,"7":0,"8":0,"9":2,"10":1,"11":2,"12":1,"13":2,"14":1,"15":2,"16":0,"17":2,"18":0,"19":2,"20":0,"21":2,"22":0,"23":2,"24":0,"25":0,"26":0,"27":0,"28":0,"29":2,"30":0,"31":2,"32":0,"33":2,"34":0,"35":0,"36":0,"37":0,"38":0,"39":0,"40":0,"41":2,"42":0,"43":2,"44":0},"f":{"0":1,"1":1,"2":1,"3":1,"4":0,"5":0,"6":0,"7":0,"8":0,"9":0,"10":0,"11":0,"12":0,"13":0,"14":0},"b":{"0":[0,0]},"_coverageSchema":"1a1c01bbd47fc00a2c39e90264f33305004495a9","hash":"7360ffb8c0009690f4d1f227a630e3677234d52f"}
,"/Users/henriquebaeta/Trybe/back-end/meusEstudos/node-ethan-brown/libs/tours.js": {"path":"/Users/henriquebaeta/Trybe/back-end/meusEstudos/node-ethan-brown/libs/tours.js","statementMap":{"0":{"start":{"line":1,"column":14},"end":{"line":12,"column":1}},"1":{"start":{"line":14,"column":0},"end":{"line":14,"column":23}}},"fnMap":{},"branchMap":{},"s":{"0":2,"1":2},"f":{},"b":{},"_coverageSchema":"1a1c01bbd47fc00a2c39e90264f33305004495a9","hash":"def9e3906f6157ad6b89e5e83251c9dcdf1413d2"}
,"/Users/henriquebaeta/Trybe/back-end/meusEstudos/node-ethan-brown/libs/middleware/flash.js": {"path":"/Users/henriquebaeta/Trybe/back-end/meusEstudos/node-ethan-brown/libs/middleware/flash.js","statementMap":{"0":{"start":{"line":1,"column":0},"end":{"line":6,"column":2}},"1":{"start":{"line":2,"column":2},"end":{"line":2,"column":44}},"2":{"start":{"line":3,"column":2},"end":{"line":3,"column":33}},"3":{"start":{"line":4,"column":2},"end":{"line":4,"column":27}},"4":{"start":{"line":5,"column":2},"end":{"line":5,"column":9}}},"fnMap":{"0":{"name":"(anonymous_0)","decl":{"start":{"line":1,"column":17},"end":{"line":1,"column":18}},"loc":{"start":{"line":1,"column":37},"end":{"line":6,"column":1}},"line":1}},"branchMap":{},"s":{"0":1,"1":0,"2":0,"3":0,"4":0},"f":{"0":0},"b":{},"_coverageSchema":"1a1c01bbd47fc00a2c39e90264f33305004495a9","hash":"cb9e6588db511341941f444b3dfab3cb3a2d65d5"}
,"/Users/henriquebaeta/Trybe/back-end/meusEstudos/node-ethan-brown/libs/middleware/weather.js": {"path":"/Users/henriquebaeta/Trybe/back-end/meusEstudos/node-ethan-brown/libs/middleware/weather.js","statementMap":{"0":{"start":{"line":1,"column":23},"end":{"line":23,"column":4}},"1":{"start":{"line":2,"column":2},"end":{"line":23,"column":4}},"2":{"start":{"line":25,"column":28},"end":{"line":31,"column":3}},"3":{"start":{"line":26,"column":4},"end":{"line":28,"column":5}},"4":{"start":{"line":27,"column":6},"end":{"line":27,"column":31}},"5":{"start":{"line":29,"column":4},"end":{"line":29,"column":64}},"6":{"start":{"line":30,"column":4},"end":{"line":30,"column":11}},"7":{"start":{"line":33,"column":2},"end":{"line":33,"column":37}}},"fnMap":{"0":{"name":"(anonymous_0)","decl":{"start":{"line":1,"column":23},"end":{"line":1,"column":24}},"loc":{"start":{"line":2,"column":2},"end":{"line":23,"column":4}},"line":2},"1":{"name":"(anonymous_1)","decl":{"start":{"line":25,"column":28},"end":{"line":25,"column":29}},"loc":{"start":{"line":25,"column":55},"end":{"line":31,"column":3}},"line":25}},"branchMap":{"0":{"loc":{"start":{"line":26,"column":4},"end":{"line":28,"column":5}},"type":"if","locations":[{"start":{"line":26,"column":4},"end":{"line":28,"column":5}},{"start":{},"end":{}}],"line":26}},"s":{"0":1,"1":0,"2":1,"3":0,"4":0,"5":0,"6":0,"7":1},"f":{"0":0,"1":0},"b":{"0":[0,0]},"_coverageSchema":"1a1c01bbd47fc00a2c39e90264f33305004495a9","hash":"fd7e899e48c0189d9e93b8adbbedc5e64ce9c843"}
}
