TN:
SF:config.js
FNF:0
FNH:0
DA:1,1
DA:4,1
DA:6,1
LF:3
LH:3
BRDA:1,0,0,1
BRDA:1,0,1,0
BRF:2
BRH:1
end_of_record
TN:
SF:credentials.js
FNF:0
FNH:0
DA:1,1
LF:1
LH:1
BRF:0
BRH:0
end_of_record
TN:
SF:meadowlark.js
FN:38,(anonymous_0)
FN:65,(anonymous_1)
FN:93,(anonymous_2)
FN:97,(anonymous_3)
FN:117,(anonymous_4)
FN:119,(anonymous_5)
FN:152,(anonymous_6)
FN:153,(anonymous_7)
FNF:8
FNH:0
FNDA:0,(anonymous_0)
FNDA:0,(anonymous_1)
FNDA:0,(anonymous_2)
FNDA:0,(anonymous_3)
FNDA:0,(anonymous_4)
FNDA:0,(anonymous_5)
FNDA:0,(anonymous_6)
FNDA:0,(anonymous_7)
DA:1,1
DA:2,1
DA:4,1
DA:6,1
DA:8,1
DA:10,1
DA:12,1
DA:13,1
DA:15,1
DA:17,1
DA:19,1
DA:21,1
DA:24,1
DA:26,1
DA:28,1
DA:36,1
DA:38,1
DA:39,0
DA:40,0
DA:42,0
DA:45,1
DA:47,1
DA:60,1
DA:66,0
DA:67,0
DA:69,0
DA:70,0
DA:76,1
DA:77,1
DA:81,1
DA:83,1
DA:85,1
DA:87,1
DA:89,1
DA:91,1
DA:93,1
DA:94,0
DA:95,0
DA:96,0
DA:97,0
DA:99,0
DA:102,1
DA:104,1
DA:106,1
DA:107,1
DA:109,1
DA:110,1
DA:111,1
DA:113,1
DA:114,1
DA:118,0
DA:119,0
DA:120,0
DA:121,0
DA:136,1
DA:138,1
DA:152,1
DA:153,0
DA:154,0
DA:159,1
DA:160,0
DA:168,1
LF:62
LH:43
BRDA:39,0,0,0
BRDA:39,0,1,0
BRDA:47,1,0,1
BRDA:47,1,1,1
BRDA:66,2,0,0
BRDA:66,2,1,0
BRDA:120,3,0,0
BRDA:120,3,1,0
BRDA:159,4,0,0
BRDA:159,4,1,1
BRF:10
BRH:3
end_of_record
TN:
SF:libs/fortune.js
FN:8,(anonymous_0)
FNF:1
FNH:1
FNDA:2,(anonymous_0)
DA:1,2
DA:8,2
DA:9,2
DA:10,2
LF:4
LH:4
BRF:0
BRH:0
end_of_record
TN:
SF:libs/handlers.js
FN:4,(anonymous_0)
FN:13,(anonymous_1)
FN:15,(anonymous_2)
FN:17,(anonymous_3)
FN:19,(anonymous_4)
FN:21,(anonymous_5)
FN:23,(anonymous_6)
FN:25,(anonymous_7)
FN:28,(anonymous_8)
FN:36,(anonymous_9)
FN:39,(anonymous_10)
FN:43,(anonymous_11)
FN:50,(anonymous_12)
FN:58,(anonymous_13)
FN:63,(anonymous_14)
FNF:15
FNH:4
FNDA:1,(anonymous_0)
FNDA:1,(anonymous_1)
FNDA:1,(anonymous_2)
FNDA:1,(anonymous_3)
FNDA:0,(anonymous_4)
FNDA:0,(anonymous_5)
FNDA:0,(anonymous_6)
FNDA:0,(anonymous_7)
FNDA:0,(anonymous_8)
FNDA:0,(anonymous_9)
FNDA:0,(anonymous_10)
FNDA:0,(anonymous_11)
FNDA:0,(anonymous_12)
FNDA:0,(anonymous_13)
FNDA:0,(anonymous_14)
DA:1,2
DA:2,2
DA:4,2
DA:5,1
DA:6,0
DA:7,0
DA:8,0
DA:9,0
DA:10,0
DA:13,2
DA:15,2
DA:17,2
DA:19,2
DA:21,2
DA:23,2
DA:25,2
DA:26,0
DA:28,2
DA:29,0
DA:30,0
DA:31,0
DA:32,0
DA:33,0
DA:36,2
DA:37,0
DA:39,2
DA:40,0
DA:42,2
DA:44,0
DA:45,0
DA:46,0
DA:47,0
DA:48,0
DA:52,0
DA:53,0
DA:58,2
DA:59,0
DA:63,2
DA:64,0
LF:39
LH:17
BRDA:7,0,0,0
BRDA:7,0,1,0
BRF:2
BRH:0
end_of_record
TN:
SF:libs/tours.js
FNF:0
FNH:0
DA:1,2
DA:14,2
LF:2
LH:2
BRF:0
BRH:0
end_of_record
TN:
SF:libs/middleware/flash.js
FN:1,(anonymous_0)
FNF:1
FNH:0
FNDA:0,(anonymous_0)
DA:1,1
DA:2,0
DA:3,0
DA:4,0
DA:5,0
LF:5
LH:1
BRF:0
BRH:0
end_of_record
TN:
SF:libs/middleware/weather.js
FN:1,(anonymous_0)
FN:25,(anonymous_1)
FNF:2
FNH:0
FNDA:0,(anonymous_0)
FNDA:0,(anonymous_1)
DA:1,1
DA:2,0
DA:25,1
DA:26,0
DA:27,0
DA:29,0
DA:30,0
DA:33,1
LF:8
LH:3
BRDA:26,0,0,0
BRDA:26,0,1,0
BRF:2
BRH:0
end_of_record
